#
# A fatal error has been detected by the Java Runtime Environment:
#
#  EXCEPTION_ACCESS_VIOLATION (0xc0000005) at pc=0x771e2d94, pid=5916, tid=2560
#
# JRE version: 6.0_17-b04
# Java VM: Java HotSpot(TM) Client VM (14.3-b01 mixed mode windows-x86 )
# Problematic frame:
# C  [ntdll.dll+0x52d94]
#
# If you would like to submit a bug report, please visit:
#   http://java.sun.com/webapps/bugreport/crash.jsp
# The crash happened outside the Java Virtual Machine in native code.
# See problematic frame for where to report the bug.
#

---------------  T H R E A D  ---------------

Current thread (0x0d7da400):  JavaThread "RequestQueue for GenericFileList" [_thread_in_native, id=2560, stack(0x1e3a0000,0x1e420000)]

siginfo: ExceptionCode=0xc0000005, writing address 0x004a4600

Registers:
EAX=0x004a4600, EBX=0x69565d01, ECX=0x004ac7d7, EDX=0x0000004a
ESP=0x1e41f540, EBP=0x1e41f574, ESI=0x2c881713, EDI=0x69560000
EIP=0x771e2d94, EFLAGS=0x00010206

Top of Stack: (sp=0x1e41f540)
0x1e41f540:   00000000 02050000 2f05a3b8 0d5eb4e0
0x1e41f550:   00000004 004a5d00 004ac300 670a31c9
0x1e41f560:   0d7da400 00000000 004a5900 00000001
0x1e41f570:   2f05a3b0 1e41f58c 771e2ce8 2f05a3b8
0x1e41f580:   2f05a3b8 00000001 2f05a3b0 1e41f5a0
0x1e41f590:   75b3bbe4 02050000 00000000 2f05a3b8
0x1e41f5a0:   1e41f5ec 73454c39 02050000 00000000
0x1e41f5b0:   2f05a3b8 bdf662f9 2f05a3b8 1e41f86c 

Instructions: (pc=0x771e2d94)
0x771e2d84:   c1 ea 10 0b df 0b c8 8b 06 c7 45 f8 01 00 00 00
0x771e2d94:   89 30 8b 45 e0 8b 55 e4 8d 7e 08 f0 0f c7 0f 3b 


Stack: [0x1e3a0000,0x1e420000],  sp=0x1e41f540,  free space=509k
Native frames: (J=compiled Java code, j=interpreted, Vv=VM code, C=native code)
C  [ntdll.dll+0x52d94]
C  [ntdll.dll+0x52ce8]
C  [kernel32.dll+0x4bbe4]
C  [MSVCR80.dll+0x4c39]
C  [MSVCP80.dll+0xe090]
J  com.mathworks.util.NativeJava.findFilesWindows(Ljava/lang/String;Ljava/lang/String;ZLcom/mathworks/util/AsyncReceiver;)Z
J  com.mathworks.mlwidgets.explorer.model.realfs.RealFileList.readFolders(Lcom/mathworks/util/ReturnRunnable;Lcom/mathworks/util/AsyncReceiver;)V
J  com.mathworks.mlwidgets.explorer.model.genericfs.GenericFileList$7.run()V
J  com.mathworks.util.RequestQueue.execute()V
J  com.mathworks.util.RequestQueue.access$000(Lcom/mathworks/util/RequestQueue;)V
j  com.mathworks.util.RequestQueue$1.run()V+4
j  java.lang.Thread.run()V+11
v  ~StubRoutines::call_stub
V  [jvm.dll+0xecf9c]
V  [jvm.dll+0x1741d1]
V  [jvm.dll+0xed167]
V  [jvm.dll+0xed1dd]
V  [jvm.dll+0x116290]
V  [jvm.dll+0x1d0414]
V  [jvm.dll+0x173e4c]
C  [MSVCR71.dll+0x9565]
C  [kernel32.dll+0x53c45]
C  [ntdll.dll+0x637f5]
C  [ntdll.dll+0x637c8]

Java frames: (J=compiled Java code, j=interpreted, Vv=VM code)
J  com.mathworks.util.NativeJava.findFilesWindows(Ljava/lang/String;Ljava/lang/String;ZLcom/mathworks/util/AsyncReceiver;)Z
J  com.mathworks.mlwidgets.explorer.model.realfs.RealFileList.readFolders(Lcom/mathworks/util/ReturnRunnable;Lcom/mathworks/util/AsyncReceiver;)V
J  com.mathworks.mlwidgets.explorer.model.genericfs.GenericFileList$7.run()V
J  com.mathworks.util.RequestQueue.execute()V
J  com.mathworks.util.RequestQueue.access$000(Lcom/mathworks/util/RequestQueue;)V
j  com.mathworks.util.RequestQueue$1.run()V+4
j  java.lang.Thread.run()V+11
v  ~StubRoutines::call_stub

---------------  P R O C E S S  ---------------

Java Threads: ( => current thread )
  0x1dbccc00 JavaThread "Code Analyzer updating thread" [_thread_blocked, id=8172, stack(0x26a60000,0x26ae0000)]
  0x1dbcb400 JavaThread "Code Analyzer updating thread" [_thread_blocked, id=3308, stack(0x1c420000,0x1c4a0000)]
  0x1dbca000 JavaThread "Code Analyzer updating thread" [_thread_blocked, id=4776, stack(0x1c2f0000,0x1c370000)]
  0x1cf64c00 JavaThread "Foxtrot Multi Worker Thread Runner #2" daemon [_thread_blocked, id=3900, stack(0x1c5b0000,0x1c630000)]
  0x1cf64400 JavaThread "Foxtrot Single Worker Thread #1" daemon [_thread_blocked, id=5836, stack(0x05320000,0x053a0000)]
  0x1cf66400 JavaThread "Code Analyzer updating thread" [_thread_blocked, id=3596, stack(0x03880000,0x03900000)]
  0x1cf65800 JavaThread "Thread-29" [_thread_in_native, id=2296, stack(0x21ce0000,0x224e0000)]
  0x1cf63400 JavaThread "Code Analyzer updating thread" [_thread_blocked, id=5756, stack(0x1e520000,0x1e5a0000)]
  0x1cf62c00 JavaThread "Code Analyzer updating thread" [_thread_blocked, id=1084, stack(0x1e4a0000,0x1e520000)]
  0x0d7da800 JavaThread "Code Analyzer updating thread" [_thread_blocked, id=648, stack(0x1e420000,0x1e4a0000)]
=>0x0d7da400 JavaThread "RequestQueue for GenericFileList" [_thread_in_native, id=2560, stack(0x1e3a0000,0x1e420000)]
  0x0d7d9c00 JavaThread "Code Analyzer updating thread" [_thread_blocked, id=2388, stack(0x1e320000,0x1e3a0000)]
  0x0d7d9800 JavaThread "Code Analyzer updating thread" [_thread_blocked, id=5244, stack(0x1e2a0000,0x1e320000)]
  0x0d7d9000 JavaThread "Code Analyzer updating thread" [_thread_blocked, id=1276, stack(0x1e220000,0x1e2a0000)]
  0x0d7d8c00 JavaThread "Code Analyzer updating thread" [_thread_blocked, id=6140, stack(0x1dfa0000,0x1e020000)]
  0x0d7d8400 JavaThread "Code Analyzer updating thread" [_thread_blocked, id=1056, stack(0x1df20000,0x1dfa0000)]
  0x0d7d8000 JavaThread "Code Analyzer updating thread" [_thread_blocked, id=1048, stack(0x1ced0000,0x1cf50000)]
  0x0d7d7800 JavaThread "Code Analyzer updating thread" [_thread_blocked, id=5840, stack(0x1ce50000,0x1ced0000)]
  0x0d7d7400 JavaThread "Code Analyzer updating thread" [_thread_blocked, id=3472, stack(0x0ff20000,0x0ffa0000)]
  0x0d7d6c00 JavaThread "Code Analyzer updating thread" [_thread_blocked, id=5212, stack(0x0fea0000,0x0ff20000)]
  0x0d7d6800 JavaThread "Active Reference Queue Daemon" daemon [_thread_blocked, id=3300, stack(0x0fe20000,0x0fea0000)]
  0x0d7d6000 JavaThread "Timer-5" daemon [_thread_blocked, id=5864, stack(0x0fda0000,0x0fe20000)]
  0x0d7d5c00 JavaThread "Timer-4" daemon [_thread_blocked, id=2656, stack(0x0fd20000,0x0fda0000)]
  0x0d7d4800 JavaThread "Prefs Updater" daemon [_thread_blocked, id=4232, stack(0x0fca0000,0x0fd20000)]
  0x0d7d3c00 JavaThread "Timer-1" [_thread_blocked, id=5048, stack(0x0ea60000,0x0eae0000)]
  0x0d7d3000 JavaThread "FelixPackageAdmin" daemon [_thread_blocked, id=1916, stack(0x0e970000,0x0e9f0000)]
  0x0d791c00 JavaThread "FelixStartLevel" daemon [_thread_blocked, id=3860, stack(0x0e830000,0x0e8b0000)]
  0x0d791800 JavaThread "FelixDispatchQueue" daemon [_thread_blocked, id=1096, stack(0x0e7b0000,0x0e830000)]
  0x0d58ac00 JavaThread "TimerQueue" daemon [_thread_blocked, id=932, stack(0x0e5a0000,0x0e620000)]
  0x0d5b8400 JavaThread "AWT-EventQueue-0" [_thread_blocked, id=5920, stack(0x0e520000,0x0e5a0000)]
  0x0d54e000 JavaThread "AWT-Windows" daemon [_thread_in_native, id=5760, stack(0x0dda0000,0x0de20000)]
  0x0d503800 JavaThread "AWT-Shutdown" [_thread_blocked, id=5032, stack(0x0dd20000,0x0dda0000)]
  0x0d503400 JavaThread "Java2D Disposer" daemon [_thread_blocked, id=1344, stack(0x0dca0000,0x0dd20000)]
  0x0ce0bc00 JavaThread "Timer-0" [_thread_blocked, id=288, stack(0x0cf60000,0x0cfe0000)]
  0x0cda9c00 JavaThread "JMI Unnamed Thread" [_thread_in_native, id=5712, stack(0x083b0000,0x08bb0000)]
  0x06484c00 JavaThread "Low Memory Detector" daemon [_thread_blocked, id=5012, stack(0x0c4e0000,0x0c560000)]
  0x06480800 JavaThread "CompilerThread0" daemon [_thread_blocked, id=3312, stack(0x0bce0000,0x0c4e0000)]
  0x06475c00 JavaThread "Attach Listener" daemon [_thread_blocked, id=4840, stack(0x06ac0000,0x06b40000)]
  0x06440c00 JavaThread "Finalizer" daemon [_thread_blocked, id=5928, stack(0x06a40000,0x06ac0000)]
  0x0643f800 JavaThread "Reference Handler" daemon [_thread_blocked, id=6128, stack(0x069c0000,0x06a40000)]
  0x063c3000 JavaThread "main" [_thread_in_native, id=4892, stack(0x00430000,0x00c30000)]

Other Threads:
  0x0643cc00 VMThread [stack: 0x0b4e0000,0x0bce0000] [id=5556]
  0x0648f800 WatcherThread [stack: 0x0c560000,0x0cd60000] [id=4332]

VM state:not at safepoint (normal execution)

VM Mutex/Monitor currently owned by a thread: None

Heap
 def new generation   total 29504K, used 25173K [0x10050000, 0x12050000, 0x12050000)
  eden space 26240K,  91% used [0x10050000, 0x117d6598, 0x119f0000)
  from space 3264K,  33% used [0x119f0000, 0x11afef98, 0x11d20000)
  to   space 3264K,   0% used [0x11d20000, 0x11d20000, 0x12050000)
 tenured generation   total 98304K, used 85595K [0x12050000, 0x18050000, 0x18050000)
   the space 98304K,  87% used [0x12050000, 0x173e6c48, 0x173e6e00, 0x18050000)
 compacting perm gen  total 39680K, used 39663K [0x18050000, 0x1a710000, 0x1c050000)
   the space 39680K,  99% used [0x18050000, 0x1a70bd20, 0x1a70be00, 0x1a710000)
No shared spaces configured.

Dynamic libraries:
0x00400000 - 0x00424000 	C:\Program Files\MATLAB\R2010b\bin\win32\MATLAB.exe
0x77190000 - 0x772cc000 	C:\Windows\SYSTEM32\ntdll.dll
0x75af0000 - 0x75bc4000 	C:\Windows\system32\kernel32.dll
0x75580000 - 0x755ca000 	C:\Windows\system32\KERNELBASE.dll
0x7bc20000 - 0x7bcd1000 	C:\Program Files\MATLAB\R2010b\bin\win32\libut.dll
0x10000000 - 0x10045000 	C:\Program Files\MATLAB\R2010b\bin\win32\libmwi18n.dll
0x000e0000 - 0x000ee000 	C:\Program Files\MATLAB\R2010b\bin\win32\boost_date_time-vc80-mt-1_40.dll
0x734f0000 - 0x73577000 	C:\Windows\WinSxS\x86_microsoft.vc80.crt_1fc8b3b9a1e18e3b_8.0.50727.5592_none_d09196c24426e2d4\MSVCP80.dll
0x73450000 - 0x734eb000 	C:\Windows\WinSxS\x86_microsoft.vc80.crt_1fc8b3b9a1e18e3b_8.0.50727.5592_none_d09196c24426e2d4\MSVCR80.dll
0x76f40000 - 0x76fec000 	C:\Windows\system32\msvcrt.dll
0x00100000 - 0x00113000 	C:\Program Files\MATLAB\R2010b\bin\win32\boost_filesystem-vc80-mt-1_40.dll
0x00130000 - 0x00137000 	C:\Program Files\MATLAB\R2010b\bin\win32\boost_system-vc80-mt-1_40.dll
0x00150000 - 0x0015e000 	C:\Program Files\MATLAB\R2010b\bin\win32\boost_thread-vc80-mt-1_40.dll
0x7c2e0000 - 0x7c2ff000 	C:\Program Files\MATLAB\R2010b\bin\win32\LIBEXPAT.dll
0x7b930000 - 0x7ba44000 	C:\Program Files\MATLAB\R2010b\bin\win32\icuin42.dll
0x7c070000 - 0x7c163000 	C:\Program Files\MATLAB\R2010b\bin\win32\icuuc42.dll
0x768b0000 - 0x76950000 	C:\Windows\system32\ADVAPI32.dll
0x758f0000 - 0x75909000 	C:\Windows\SYSTEM32\sechost.dll
0x76950000 - 0x769f1000 	C:\Windows\system32\RPCRT4.dll
0x00c30000 - 0x01b78000 	C:\Program Files\MATLAB\R2010b\bin\win32\icudt42.dll
0x787e0000 - 0x78898000 	C:\Program Files\MATLAB\R2010b\bin\win32\libmwfl.dll
0x76a00000 - 0x76a2a000 	C:\Windows\system32\imagehlp.dll
0x772d0000 - 0x772d5000 	C:\Windows\system32\PSAPI.DLL
0x002d0000 - 0x0036b000 	C:\Program Files\MATLAB\R2010b\bin\win32\boost_regex-vc80-mt-1_40.dll
0x76c60000 - 0x76d29000 	C:\Windows\system32\USER32.dll
0x76a30000 - 0x76a7e000 	C:\Windows\system32\GDI32.dll
0x75ad0000 - 0x75ada000 	C:\Windows\system32\LPK.dll
0x75630000 - 0x756cd000 	C:\Windows\system32\USP10.dll
0x001c0000 - 0x001cf000 	C:\Program Files\MATLAB\R2010b\bin\win32\boost_signals-vc80-mt-1_40.dll
0x7b7a0000 - 0x7b7ac000 	C:\Program Files\MATLAB\R2010b\bin\win32\icuio42.dll
0x7bd40000 - 0x7bf5c000 	C:\Program Files\MATLAB\R2010b\bin\win32\libmwservices.dll
0x7bce0000 - 0x7bd31000 	C:\Program Files\MATLAB\R2010b\bin\win32\libmx.dll
0x78cf0000 - 0x78d03000 	C:\Program Files\MATLAB\R2010b\bin\win32\zlib1.dll
0x7bf60000 - 0x7c065000 	C:\Program Files\MATLAB\R2010b\bin\win32\libmwmathutil.dll
0x7a110000 - 0x7a14b000 	C:\Program Files\MATLAB\R2010b\bin\win32\mpath.dll
0x7c3e0000 - 0x7c542000 	C:\Program Files\MATLAB\R2010b\bin\win32\mlutil.dll
0x7d300000 - 0x7d35d000 	C:\Program Files\MATLAB\R2010b\bin\win32\xmlcore.dll
0x799d0000 - 0x79b92000 	C:\Program Files\MATLAB\R2010b\bin\win32\xerces-c_2_7.dll
0x772e0000 - 0x77315000 	C:\Windows\system32\WS2_32.dll
0x75ae0000 - 0x75ae6000 	C:\Windows\system32\NSI.dll
0x75bd0000 - 0x7681a000 	C:\Windows\system32\SHELL32.dll
0x75880000 - 0x758d7000 	C:\Windows\system32\SHLWAPI.dll
0x71240000 - 0x712c4000 	C:\Windows\WinSxS\x86_microsoft.windows.common-controls_6595b64144ccf1df_5.82.7601.17514_none_ec83dffa859149af\COMCTL32.dll
0x77320000 - 0x7739b000 	C:\Windows\system32\comdlg32.dll
0x73390000 - 0x733a1000 	C:\Windows\system32\NETAPI32.dll
0x73380000 - 0x73389000 	C:\Windows\system32\netutils.dll
0x751b0000 - 0x751c9000 	C:\Windows\system32\srvcli.dll
0x73370000 - 0x7337f000 	C:\Windows\system32\wkscli.dll
0x01b80000 - 0x01bae000 	C:\Program Files\MATLAB\R2010b\bin\win32\tbb.dll
0x7a3c0000 - 0x7a435000 	C:\Program Files\MATLAB\R2010b\bin\win32\mcr.dll
0x7b7b0000 - 0x7b81a000 	C:\Program Files\MATLAB\R2010b\bin\win32\iqm.dll
0x7a9c0000 - 0x7ae71000 	C:\Program Files\MATLAB\R2010b\bin\win32\m_interpreter.dll
0x7b830000 - 0x7b83c000 	C:\Program Files\MATLAB\R2010b\bin\win32\libmex.dll
0x7a290000 - 0x7a2f9000 	C:\Program Files\MATLAB\R2010b\bin\win32\m_dispatcher.dll
0x7a1a0000 - 0x7a1f7000 	C:\Program Files\MATLAB\R2010b\bin\win32\profiler.dll
0x7b890000 - 0x7b8b2000 	C:\Program Files\MATLAB\R2010b\bin\win32\libmwmathrng.dll
0x78c60000 - 0x78c72000 	C:\Program Files\MATLAB\R2010b\bin\win32\m_pcodeio.dll
0x7a0d0000 - 0x7a107000 	C:\Program Files\MATLAB\R2010b\bin\win32\m_ir.dll
0x7a4c0000 - 0x7a9c0000 	C:\Program Files\MATLAB\R2010b\bin\win32\m_parser.dll
0x7b820000 - 0x7b82e000 	C:\Program Files\MATLAB\R2010b\bin\win32\ir_xfmr.dll
0x788a0000 - 0x78a0f000 	C:\Program Files\MATLAB\R2010b\bin\win32\mcos.dll
0x7b8d0000 - 0x7b8da000 	C:\Program Files\MATLAB\R2010b\bin\win32\mtok.dll
0x78c40000 - 0x78c56000 	C:\Program Files\MATLAB\R2010b\bin\win32\m_pcodegen.dll
0x78300000 - 0x78337000 	C:\Program Files\MATLAB\R2010b\bin\win32\libmwspmatrix.dll
0x78340000 - 0x78360000 	C:\Program Files\MATLAB\R2010b\bin\win32\libmwbridge.dll
0x7b480000 - 0x7b504000 	C:\Program Files\MATLAB\R2010b\bin\win32\udd.dll
0x7c170000 - 0x7c273000 	C:\Program Files\MATLAB\R2010b\bin\win32\libmwgui.dll
0x78d50000 - 0x79222000 	C:\Program Files\MATLAB\R2010b\bin\win32\hg.dll
0x78bc0000 - 0x78bf6000 	C:\Program Files\MATLAB\R2010b\bin\win32\libmat.dll
0x7ba50000 - 0x7bc19000 	C:\Program Files\MATLAB\R2010b\bin\win32\libhdf5.dll
0x7a020000 - 0x7a075000 	C:\Program Files\MATLAB\R2010b\bin\win32\jmi.dll
0x79cf0000 - 0x79d1a000 	C:\Program Files\MATLAB\R2010b\bin\win32\libmwhardcopy.dll
0x7a080000 - 0x7a0c1000 	C:\Program Files\MATLAB\R2010b\bin\win32\libuij.dll
0x786a0000 - 0x787d0000 	C:\Program Files\MATLAB\R2010b\bin\win32\hgdatatypes.dll
0x78630000 - 0x7869b000 	C:\Program Files\MATLAB\R2010b\bin\win32\hgutils.dll
0x78c00000 - 0x78c34000 	C:\Program Files\MATLAB\R2010b\bin\win32\libmwlapack.dll
0x7b850000 - 0x7b85e000 	C:\Program Files\MATLAB\R2010b\bin\win32\libmwbinder.dll
0x7b510000 - 0x7b790000 	C:\Program Files\MATLAB\R2010b\bin\win32\uiw.dll
0x7b920000 - 0x7b929000 	C:\Program Files\MATLAB\R2010b\bin\win32\uinone.dll
0x71c00000 - 0x71d0f000 	C:\Windows\WinSxS\x86_microsoft.vc80.mfc_1fc8b3b9a1e18e3b_8.0.50727.5592_none_cbf62b764709d1c9\MFC80.DLL
0x711e0000 - 0x71231000 	C:\Windows\system32\WINSPOOL.DRV
0x75720000 - 0x7587c000 	C:\Windows\system32\ole32.dll
0x76d30000 - 0x76dbf000 	C:\Windows\system32\OLEAUT32.dll
0x7a440000 - 0x7a4b7000 	C:\Program Files\MATLAB\R2010b\bin\win32\udd_mi.dll
0x78c80000 - 0x78c93000 	C:\Program Files\MATLAB\R2010b\bin\win32\mwoles05.DLL
0x7a150000 - 0x7a19a000 	C:\Program Files\MATLAB\R2010b\bin\win32\comcli.dll
0x71840000 - 0x7185b000 	C:\Windows\WinSxS\x86_microsoft.vc80.atl_1fc8b3b9a1e18e3b_8.0.50727.5592_none_d1cb520e4353d918\ATL80.DLL
0x7b8c0000 - 0x7b8cb000 	C:\Program Files\MATLAB\R2010b\bin\win32\mlautoregister.dll
0x773a0000 - 0x773bf000 	C:\Windows\system32\IMM32.DLL
0x76a80000 - 0x76b4c000 	C:\Windows\system32\MSCTF.dll
0x75330000 - 0x7533b000 	C:\Windows\system32\profapi.dll
0x75320000 - 0x7532c000 	C:\Windows\system32\CRYPTBASE.dll
0x740a0000 - 0x740e0000 	C:\Windows\system32\uxtheme.dll
0x02020000 - 0x0202e000 	C:\ProgramData\Real\RealPlayer\BrowserRecordPlugin\Chrome\Hook\rpchromebrowserrecordhelper.dll
0x04330000 - 0x043d3000 	C:\Windows\WinSxS\x86_microsoft.vc90.crt_1fc8b3b9a1e18e3b_9.0.30729.5570_none_509463cabcb6ef2a\MSVCR90.dll
0x04460000 - 0x044ee000 	C:\Windows\WinSxS\x86_microsoft.vc90.crt_1fc8b3b9a1e18e3b_9.0.30729.5570_none_509463cabcb6ef2a\MSVCP90.dll
0x74360000 - 0x744fe000 	C:\Windows\WinSxS\x86_microsoft.windows.common-controls_6595b64144ccf1df_6.0.7601.17514_none_41e6975e2bd6f2b2\comctl32.dll
0x76820000 - 0x768a3000 	C:\Windows\system32\CLBCatQ.DLL
0x741f0000 - 0x742e5000 	C:\Windows\system32\propsys.dll
0x74330000 - 0x74351000 	C:\Windows\system32\ntmarta.dll
0x756d0000 - 0x75715000 	C:\Windows\system32\WLDAP32.dll
0x76ff0000 - 0x7718d000 	C:\Windows\system32\SETUPAPI.dll
0x755d0000 - 0x755f7000 	C:\Windows\system32\CFGMGR32.dll
0x75560000 - 0x75572000 	C:\Windows\system32\DEVOBJ.dll
0x71be0000 - 0x71bfc000 	C:\Windows\system32\iphlpapi.dll
0x71bd0000 - 0x71bd7000 	C:\Windows\system32\WINNSI.DLL
0x74c30000 - 0x74c74000 	C:\Windows\system32\DNSAPI.dll
0x716e0000 - 0x716f2000 	C:\Windows\system32\dhcpcsvc.DLL
0x716d0000 - 0x716dd000 	C:\Windows\system32\dhcpcsvc6.DLL
0x75300000 - 0x7531b000 	C:\Windows\system32\SspiCli.dll
0x03970000 - 0x03973000 	C:\Windows\system32\icmp.Dll
0x739a0000 - 0x739b3000 	C:\Windows\system32\dwmapi.dll
0x79d90000 - 0x7a01b000 	C:\Program Files\MATLAB\R2010b\sys\java\jre\win32\jre\bin\client\jvm.dll
0x73080000 - 0x730b2000 	C:\Windows\system32\WINMM.dll
0x7c300000 - 0x7c356000 	C:\Program Files\MATLAB\R2010b\bin\win32\MSVCR71.dll
0x752a0000 - 0x752ec000 	C:\Windows\system32\apphelp.dll
0x710d0000 - 0x711bb000 	C:\Windows\system32\dbghelp.dll
0x7a270000 - 0x7a27c000 	C:\Program Files\MATLAB\R2010b\sys\java\jre\win32\jre\bin\verify.dll
0x78d10000 - 0x78d2f000 	C:\Program Files\MATLAB\R2010b\sys\java\jre\win32\jre\bin\java.dll
0x7a250000 - 0x7a258000 	C:\Program Files\MATLAB\R2010b\sys\java\jre\win32\jre\bin\hpi.dll
0x7a280000 - 0x7a28f000 	C:\Program Files\MATLAB\R2010b\sys\java\jre\win32\jre\bin\zip.dll
0x78ca0000 - 0x78cba000 	C:\Program Files\MATLAB\R2010b\bin\win32\nativejava.dll
0x708a0000 - 0x708b2000 	C:\Windows\system32\MPR.dll
0x78cc0000 - 0x78ce8000 	C:\Program Files\MATLAB\R2010b\bin\win32\nativejmi.dll
0x7b910000 - 0x7b916000 	C:\Program Files\MATLAB\R2010b\bin\win32\nativeservices.dll
0x79ba0000 - 0x79cea000 	C:\Program Files\MATLAB\R2010b\sys\java\jre\win32\jre\bin\awt.dll
0x7a300000 - 0x7a354000 	C:\Program Files\MATLAB\R2010b\sys\java\jre\win32\jre\bin\fontmanager.dll
0x78d30000 - 0x78d43000 	C:\Program Files\MATLAB\R2010b\sys\java\jre\win32\jre\bin\net.dll

VM Arguments:
jvm_args: -Xss512k -XX:PermSize=32m -Xms64m -XX:NewRatio=3 -XX:MaxPermSize=64m -Xmx128m -XX:MaxDirectMemorySize=1200000000 -Dsun.java2d.noddraw=true -Dsun.awt.nopixfmt=true -Xshare:off -Xrs -Dsun.awt.disableMixing=true -Djava.library.path=C:\Program Files\MATLAB\R2010b\bin\win32 vfprintf abort 
java_command: <unknown>
Launcher Type: generic

Environment Variables:
CLASSPATH=.;C:\Program Files\Java\jre6\lib\ext\QTJava.zip
PATH=C:\Program Files\MATLAB\R2010b\sys\java\jre\win32\jre\bin;C:\Program Files\MATLAB\R2010b\sys\webrenderer\windows\corecomponents;C:\Program Files\MATLAB\R2010b\sys\webrenderer\windows;C:\Program Files\Common Files\Microsoft Shared\Windows Live;C:\Program Files\MiKTeX 2.8\miktex\bin;C:\Windows\system32;C:\Windows;C:\Windows\System32\Wbem;C:\Windows\System32\WindowsPowerShell\v1.0\;C:\Program Files\Common Files\DivX Shared\;C:\Program Files\MATLAB\R2010b\bin;C:\Program Files\MATLAB\R2008b Student\bin;C:\Program Files\MATLAB\R2008b Student\bin\win32;C:\Program Files\Windows Live\Shared;C:\Program Files\QuickTime\QTSystem\;C:\Program Files\SSH Communications Security\SSH Secure Shell
USERNAME=Avi
OS=Windows_NT
PROCESSOR_IDENTIFIER=x86 Family 6 Model 23 Stepping 6, GenuineIntel



---------------  S Y S T E M  ---------------

OS: Windows 7 Build 7601 Service Pack 1

CPU:total 2 (2 cores per cpu, 1 threads per core) family 6 model 23 stepping 6, cmov, cx8, fxsr, mmx, sse, sse2, sse3, ssse3, sse4.1

Memory: 4k page, physical 3668012k(914740k free), swap 4194303k(4194303k free)

vm_info: Java HotSpot(TM) Client VM (14.3-b01) for windows-x86 JRE (1.6.0_17-b04), built on Oct 11 2009 00:52:06 by "java_re" with MS VC++ 7.1

time: Thu May 05 16:49:02 2011
elapsed time: 12201 seconds

