#
# A fatal error has been detected by the Java Runtime Environment:
#
#  EXCEPTION_ACCESS_VIOLATION (0xc0000005) at pc=0x771e2d37, pid=6836, tid=6504
#
# JRE version: 6.0_17-b04
# Java VM: Java HotSpot(TM) Client VM (14.3-b01 mixed mode windows-x86 )
# Problematic frame:
# C  [ntdll.dll+0x52d37]
#
# If you would like to submit a bug report, please visit:
#   http://java.sun.com/webapps/bugreport/crash.jsp
# The crash happened outside the Java Virtual Machine in native code.
# See problematic frame for where to report the bug.
#

---------------  T H R E A D  ---------------

Current thread (0x0d655c00):  JavaThread "RequestQueue for GenericFileList" [_thread_in_native, id=6504, stack(0x1e520000,0x1e5a0000)]

siginfo: ExceptionCode=0xc0000005, reading address 0x2aaaca08

Registers:
EAX=0x67655320, EBX=0x01f7db50, ECX=0x02050000, EDX=0x01f7db50
ESP=0x1e59f6d8, EBP=0x1e59f70c, ESI=0x2aaaca04, EDI=0x01f7db48
EIP=0x771e2d37, EFLAGS=0x00010202

Top of Stack: (sp=0x1e59f6d8)
0x1e59f6d8:   00000000 02050000 01f7db50 1d445c08
0x1e59f6e8:   00000004 0000000e 00c20005 000000bd
0x1e59f6f8:   0d655c00 00000000 00000000 1d445650
0x1e59f708:   01f7db48 1e59f724 771e2ce8 01f7db50
0x1e59f718:   01f7db50 00000001 01f7db48 1e59f738
0x1e59f728:   75b3bbe4 02050000 00000000 01f7db50
0x1e59f738:   1e59f784 73454c39 02050000 00000000
0x1e59f748:   01f7db50 f6aefa4f 01f7db50 1e59fa04 

Instructions: (pc=0x771e2d37)
0x771e2d27:   c1 ee 03 33 f0 33 35 dc 71 26 77 89 7d fc 33 f1
0x771e2d37:   8b 46 04 89 45 f4 c6 47 07 80 c6 47 06 00 8b 5e 


Stack: [0x1e520000,0x1e5a0000],  sp=0x1e59f6d8,  free space=509k
Native frames: (J=compiled Java code, j=interpreted, Vv=VM code, C=native code)
C  [ntdll.dll+0x52d37]
C  [ntdll.dll+0x52ce8]
C  [kernel32.dll+0x4bbe4]
C  [MSVCR80.dll+0x4c39]
C  [MSVCP80.dll+0xe090]
j  com.mathworks.util.NativeJava.findFilesWindows(Ljava/lang/String;Ljava/lang/String;ZLcom/mathworks/util/AsyncReceiver;)Z+0
j  com.mathworks.mlwidgets.explorer.model.realfs.RealFileList.readFolders(Lcom/mathworks/util/ReturnRunnable;Lcom/mathworks/util/AsyncReceiver;)V+28
J  com.mathworks.mlwidgets.explorer.model.genericfs.GenericFileList$7.run()V
j  com.mathworks.util.RequestQueue.execute()V+65
j  com.mathworks.util.RequestQueue.access$000(Lcom/mathworks/util/RequestQueue;)V+1
j  com.mathworks.util.RequestQueue$1.run()V+4
j  java.lang.Thread.run()V+11
v  ~StubRoutines::call_stub
V  [jvm.dll+0xecf9c]
V  [jvm.dll+0x1741d1]
V  [jvm.dll+0xed167]
V  [jvm.dll+0xed1dd]
V  [jvm.dll+0x116290]
V  [jvm.dll+0x1d0414]
V  [jvm.dll+0x173e4c]
C  [MSVCR71.dll+0x9565]
C  [kernel32.dll+0x53c45]
C  [ntdll.dll+0x637f5]
C  [ntdll.dll+0x637c8]

Java frames: (J=compiled Java code, j=interpreted, Vv=VM code)
j  com.mathworks.util.NativeJava.findFilesWindows(Ljava/lang/String;Ljava/lang/String;ZLcom/mathworks/util/AsyncReceiver;)Z+0
j  com.mathworks.mlwidgets.explorer.model.realfs.RealFileList.readFolders(Lcom/mathworks/util/ReturnRunnable;Lcom/mathworks/util/AsyncReceiver;)V+28
J  com.mathworks.mlwidgets.explorer.model.genericfs.GenericFileList$7.run()V
j  com.mathworks.util.RequestQueue.execute()V+65
j  com.mathworks.util.RequestQueue.access$000(Lcom/mathworks/util/RequestQueue;)V+1
j  com.mathworks.util.RequestQueue$1.run()V+4
j  java.lang.Thread.run()V+11
v  ~StubRoutines::call_stub

---------------  P R O C E S S  ---------------

Java Threads: ( => current thread )
  0x1d1e9400 JavaThread "Inactive RequestProcessor thread [Was:TimedSoftReference/org.openide.util.TimedSoftReference]" daemon [_thread_blocked, id=932, stack(0x0aad0000,0x0ab50000)]
  0x1d1e9000 JavaThread "Thread-28" [_thread_in_native, id=3492, stack(0x21c60000,0x22460000)]
  0x1d1e8800 JavaThread "Code Analyzer updating thread" [_thread_blocked, id=2480, stack(0x1e9a0000,0x1ea20000)]
  0x1d1e8400 JavaThread "Code Analyzer updating thread" [_thread_blocked, id=7640, stack(0x1e920000,0x1e9a0000)]
  0x1d1e7c00 JavaThread "Code Analyzer updating thread" [_thread_blocked, id=6712, stack(0x1e8a0000,0x1e920000)]
  0x1d1e7800 JavaThread "Code Analyzer updating thread" [_thread_blocked, id=6996, stack(0x1e820000,0x1e8a0000)]
  0x1d1e7000 JavaThread "Code Analyzer updating thread" [_thread_blocked, id=7932, stack(0x1e7a0000,0x1e820000)]
  0x0d657400 JavaThread "Code Analyzer updating thread" [_thread_blocked, id=7684, stack(0x1e720000,0x1e7a0000)]
  0x0d656c00 JavaThread "Code Analyzer updating thread" [_thread_blocked, id=6012, stack(0x1e6a0000,0x1e720000)]
  0x0d656000 JavaThread "Code Analyzer updating thread" [_thread_blocked, id=7164, stack(0x1e5a0000,0x1e620000)]
  0x0d656800 JavaThread "Code Analyzer updating thread" [_thread_blocked, id=6816, stack(0x1e620000,0x1e6a0000)]
=>0x0d655c00 JavaThread "RequestQueue for GenericFileList" [_thread_in_native, id=6504, stack(0x1e520000,0x1e5a0000)]
  0x0d655400 JavaThread "Code Analyzer updating thread" [_thread_blocked, id=7348, stack(0x1e2a0000,0x1e320000)]
  0x0d655000 JavaThread "Code Analyzer updating thread" [_thread_blocked, id=4144, stack(0x1e220000,0x1e2a0000)]
  0x0d654800 JavaThread "Code Analyzer updating thread" [_thread_blocked, id=6832, stack(0x1e1a0000,0x1e220000)]
  0x0d654400 JavaThread "Code Analyzer updating thread" [_thread_blocked, id=5868, stack(0x1e120000,0x1e1a0000)]
  0x0d653c00 JavaThread "Code Analyzer updating thread" [_thread_blocked, id=7196, stack(0x1e0a0000,0x1e120000)]
  0x0d653800 JavaThread "Code Analyzer updating thread" [_thread_blocked, id=6664, stack(0x1ca50000,0x1cad0000)]
  0x0d653000 JavaThread "Active Reference Queue Daemon" daemon [_thread_blocked, id=7128, stack(0x1c9d0000,0x1ca50000)]
  0x0d652c00 JavaThread "Timer-5" daemon [_thread_blocked, id=6336, stack(0x1c950000,0x1c9d0000)]
  0x0d652400 JavaThread "Timer-4" daemon [_thread_blocked, id=6512, stack(0x1c8d0000,0x1c950000)]
  0x0d650c00 JavaThread "Prefs Updater" daemon [_thread_blocked, id=6380, stack(0x0ff50000,0x0ffd0000)]
  0x0d650000 JavaThread "Timer-1" [_thread_blocked, id=6620, stack(0x0fe50000,0x0fed0000)]
  0x0d64fc00 JavaThread "FelixPackageAdmin" daemon [_thread_blocked, id=7444, stack(0x0e970000,0x0e9f0000)]
  0x0d94d800 JavaThread "FelixStartLevel" daemon [_thread_blocked, id=8004, stack(0x0e8f0000,0x0e970000)]
  0x0d81d800 JavaThread "FelixDispatchQueue" daemon [_thread_blocked, id=7080, stack(0x0e860000,0x0e8e0000)]
  0x0d702400 JavaThread "TimerQueue" daemon [_thread_blocked, id=7160, stack(0x0e640000,0x0e6c0000)]
  0x0d7cdc00 JavaThread "AWT-EventQueue-0" [_thread_blocked, id=324, stack(0x0e5c0000,0x0e640000)]
  0x0d6c2000 JavaThread "AWT-Windows" daemon [_thread_in_native, id=6804, stack(0x0de50000,0x0ded0000)]
  0x0d681800 JavaThread "AWT-Shutdown" [_thread_blocked, id=6412, stack(0x0ddd0000,0x0de50000)]
  0x0d679400 JavaThread "Java2D Disposer" daemon [_thread_blocked, id=6196, stack(0x0dd50000,0x0ddd0000)]
  0x0d009c00 JavaThread "Timer-0" [_thread_blocked, id=2484, stack(0x037c0000,0x03840000)]
  0x0cfaf800 JavaThread "JMI Unnamed Thread" [_thread_in_native, id=7308, stack(0x08230000,0x08a30000)]
  0x031f3000 JavaThread "Low Memory Detector" daemon [_thread_blocked, id=7556, stack(0x03740000,0x037c0000)]
  0x031e0400 JavaThread "CompilerThread0" daemon [_thread_blocked, id=8104, stack(0x0bf50000,0x0c750000)]
  0x031ddc00 JavaThread "Attach Listener" daemon [_thread_blocked, id=7612, stack(0x03620000,0x036a0000)]
  0x031a0c00 JavaThread "Finalizer" daemon [_thread_blocked, id=4856, stack(0x035a0000,0x03620000)]
  0x0319f800 JavaThread "Reference Handler" daemon [_thread_blocked, id=7616, stack(0x03520000,0x035a0000)]
  0x03123000 JavaThread "main" [_thread_in_native, id=3992, stack(0x00430000,0x00c30000)]

Other Threads:
  0x0319cc00 VMThread [stack: 0x0b750000,0x0bf50000] [id=5592]
  0x03208000 WatcherThread [stack: 0x0c750000,0x0cf50000] [id=7860]

VM state:not at safepoint (normal execution)

VM Mutex/Monitor currently owned by a thread: None

Heap
 def new generation   total 14784K, used 3311K [0x10050000, 0x11050000, 0x12050000)
  eden space 13184K,  16% used [0x10050000, 0x1027d1c8, 0x10d30000)
  from space 1600K,  67% used [0x10ec0000, 0x10fcebe8, 0x11050000)
  to   space 1600K,   0% used [0x10d30000, 0x10d30000, 0x10ec0000)
 tenured generation   total 49152K, used 46149K [0x12050000, 0x15050000, 0x18050000)
   the space 49152K,  93% used [0x12050000, 0x14d615c0, 0x14d61600, 0x15050000)
 compacting perm gen  total 35584K, used 35577K [0x18050000, 0x1a310000, 0x1c050000)
   the space 35584K,  99% used [0x18050000, 0x1a30e400, 0x1a30e400, 0x1a310000)
No shared spaces configured.

Dynamic libraries:
0x00400000 - 0x00424000 	C:\Program Files\MATLAB\R2010b\bin\win32\MATLAB.exe
0x77190000 - 0x772cc000 	C:\Windows\SYSTEM32\ntdll.dll
0x75af0000 - 0x75bc4000 	C:\Windows\system32\kernel32.dll
0x75580000 - 0x755ca000 	C:\Windows\system32\KERNELBASE.dll
0x7bc20000 - 0x7bcd1000 	C:\Program Files\MATLAB\R2010b\bin\win32\libut.dll
0x10000000 - 0x10045000 	C:\Program Files\MATLAB\R2010b\bin\win32\libmwi18n.dll
0x000e0000 - 0x000ee000 	C:\Program Files\MATLAB\R2010b\bin\win32\boost_date_time-vc80-mt-1_40.dll
0x734f0000 - 0x73577000 	C:\Windows\WinSxS\x86_microsoft.vc80.crt_1fc8b3b9a1e18e3b_8.0.50727.5592_none_d09196c24426e2d4\MSVCP80.dll
0x73450000 - 0x734eb000 	C:\Windows\WinSxS\x86_microsoft.vc80.crt_1fc8b3b9a1e18e3b_8.0.50727.5592_none_d09196c24426e2d4\MSVCR80.dll
0x76f40000 - 0x76fec000 	C:\Windows\system32\msvcrt.dll
0x00100000 - 0x00113000 	C:\Program Files\MATLAB\R2010b\bin\win32\boost_filesystem-vc80-mt-1_40.dll
0x00130000 - 0x00137000 	C:\Program Files\MATLAB\R2010b\bin\win32\boost_system-vc80-mt-1_40.dll
0x00150000 - 0x0015e000 	C:\Program Files\MATLAB\R2010b\bin\win32\boost_thread-vc80-mt-1_40.dll
0x7c2e0000 - 0x7c2ff000 	C:\Program Files\MATLAB\R2010b\bin\win32\LIBEXPAT.dll
0x7b930000 - 0x7ba44000 	C:\Program Files\MATLAB\R2010b\bin\win32\icuin42.dll
0x7c070000 - 0x7c163000 	C:\Program Files\MATLAB\R2010b\bin\win32\icuuc42.dll
0x768b0000 - 0x76950000 	C:\Windows\system32\ADVAPI32.dll
0x758f0000 - 0x75909000 	C:\Windows\SYSTEM32\sechost.dll
0x76950000 - 0x769f1000 	C:\Windows\system32\RPCRT4.dll
0x00c30000 - 0x01b78000 	C:\Program Files\MATLAB\R2010b\bin\win32\icudt42.dll
0x787e0000 - 0x78898000 	C:\Program Files\MATLAB\R2010b\bin\win32\libmwfl.dll
0x76a00000 - 0x76a2a000 	C:\Windows\system32\imagehlp.dll
0x772d0000 - 0x772d5000 	C:\Windows\system32\PSAPI.DLL
0x002b0000 - 0x0034b000 	C:\Program Files\MATLAB\R2010b\bin\win32\boost_regex-vc80-mt-1_40.dll
0x76c60000 - 0x76d29000 	C:\Windows\system32\USER32.dll
0x76a30000 - 0x76a7e000 	C:\Windows\system32\GDI32.dll
0x75ad0000 - 0x75ada000 	C:\Windows\system32\LPK.dll
0x75630000 - 0x756cd000 	C:\Windows\system32\USP10.dll
0x00360000 - 0x0036f000 	C:\Program Files\MATLAB\R2010b\bin\win32\boost_signals-vc80-mt-1_40.dll
0x7b7a0000 - 0x7b7ac000 	C:\Program Files\MATLAB\R2010b\bin\win32\icuio42.dll
0x7bd40000 - 0x7bf5c000 	C:\Program Files\MATLAB\R2010b\bin\win32\libmwservices.dll
0x7bce0000 - 0x7bd31000 	C:\Program Files\MATLAB\R2010b\bin\win32\libmx.dll
0x78cf0000 - 0x78d03000 	C:\Program Files\MATLAB\R2010b\bin\win32\zlib1.dll
0x7bf60000 - 0x7c065000 	C:\Program Files\MATLAB\R2010b\bin\win32\libmwmathutil.dll
0x7a110000 - 0x7a14b000 	C:\Program Files\MATLAB\R2010b\bin\win32\mpath.dll
0x7c3e0000 - 0x7c542000 	C:\Program Files\MATLAB\R2010b\bin\win32\mlutil.dll
0x7d300000 - 0x7d35d000 	C:\Program Files\MATLAB\R2010b\bin\win32\xmlcore.dll
0x799d0000 - 0x79b92000 	C:\Program Files\MATLAB\R2010b\bin\win32\xerces-c_2_7.dll
0x772e0000 - 0x77315000 	C:\Windows\system32\WS2_32.dll
0x75ae0000 - 0x75ae6000 	C:\Windows\system32\NSI.dll
0x75bd0000 - 0x7681a000 	C:\Windows\system32\SHELL32.dll
0x75880000 - 0x758d7000 	C:\Windows\system32\SHLWAPI.dll
0x71240000 - 0x712c4000 	C:\Windows\WinSxS\x86_microsoft.windows.common-controls_6595b64144ccf1df_5.82.7601.17514_none_ec83dffa859149af\COMCTL32.dll
0x77320000 - 0x7739b000 	C:\Windows\system32\comdlg32.dll
0x73390000 - 0x733a1000 	C:\Windows\system32\NETAPI32.dll
0x73380000 - 0x73389000 	C:\Windows\system32\netutils.dll
0x751b0000 - 0x751c9000 	C:\Windows\system32\srvcli.dll
0x73370000 - 0x7337f000 	C:\Windows\system32\wkscli.dll
0x01b80000 - 0x01bae000 	C:\Program Files\MATLAB\R2010b\bin\win32\tbb.dll
0x7a3c0000 - 0x7a435000 	C:\Program Files\MATLAB\R2010b\bin\win32\mcr.dll
0x7b7b0000 - 0x7b81a000 	C:\Program Files\MATLAB\R2010b\bin\win32\iqm.dll
0x7a9c0000 - 0x7ae71000 	C:\Program Files\MATLAB\R2010b\bin\win32\m_interpreter.dll
0x7b830000 - 0x7b83c000 	C:\Program Files\MATLAB\R2010b\bin\win32\libmex.dll
0x7a290000 - 0x7a2f9000 	C:\Program Files\MATLAB\R2010b\bin\win32\m_dispatcher.dll
0x7a1a0000 - 0x7a1f7000 	C:\Program Files\MATLAB\R2010b\bin\win32\profiler.dll
0x7b890000 - 0x7b8b2000 	C:\Program Files\MATLAB\R2010b\bin\win32\libmwmathrng.dll
0x78c60000 - 0x78c72000 	C:\Program Files\MATLAB\R2010b\bin\win32\m_pcodeio.dll
0x7a0d0000 - 0x7a107000 	C:\Program Files\MATLAB\R2010b\bin\win32\m_ir.dll
0x7a4c0000 - 0x7a9c0000 	C:\Program Files\MATLAB\R2010b\bin\win32\m_parser.dll
0x7b820000 - 0x7b82e000 	C:\Program Files\MATLAB\R2010b\bin\win32\ir_xfmr.dll
0x788a0000 - 0x78a0f000 	C:\Program Files\MATLAB\R2010b\bin\win32\mcos.dll
0x7b8d0000 - 0x7b8da000 	C:\Program Files\MATLAB\R2010b\bin\win32\mtok.dll
0x78c40000 - 0x78c56000 	C:\Program Files\MATLAB\R2010b\bin\win32\m_pcodegen.dll
0x78300000 - 0x78337000 	C:\Program Files\MATLAB\R2010b\bin\win32\libmwspmatrix.dll
0x78340000 - 0x78360000 	C:\Program Files\MATLAB\R2010b\bin\win32\libmwbridge.dll
0x7b480000 - 0x7b504000 	C:\Program Files\MATLAB\R2010b\bin\win32\udd.dll
0x7c170000 - 0x7c273000 	C:\Program Files\MATLAB\R2010b\bin\win32\libmwgui.dll
0x78d50000 - 0x79222000 	C:\Program Files\MATLAB\R2010b\bin\win32\hg.dll
0x78bc0000 - 0x78bf6000 	C:\Program Files\MATLAB\R2010b\bin\win32\libmat.dll
0x7ba50000 - 0x7bc19000 	C:\Program Files\MATLAB\R2010b\bin\win32\libhdf5.dll
0x7a020000 - 0x7a075000 	C:\Program Files\MATLAB\R2010b\bin\win32\jmi.dll
0x79cf0000 - 0x79d1a000 	C:\Program Files\MATLAB\R2010b\bin\win32\libmwhardcopy.dll
0x7a080000 - 0x7a0c1000 	C:\Program Files\MATLAB\R2010b\bin\win32\libuij.dll
0x786a0000 - 0x787d0000 	C:\Program Files\MATLAB\R2010b\bin\win32\hgdatatypes.dll
0x78630000 - 0x7869b000 	C:\Program Files\MATLAB\R2010b\bin\win32\hgutils.dll
0x78c00000 - 0x78c34000 	C:\Program Files\MATLAB\R2010b\bin\win32\libmwlapack.dll
0x7b850000 - 0x7b85e000 	C:\Program Files\MATLAB\R2010b\bin\win32\libmwbinder.dll
0x7b510000 - 0x7b790000 	C:\Program Files\MATLAB\R2010b\bin\win32\uiw.dll
0x7b920000 - 0x7b929000 	C:\Program Files\MATLAB\R2010b\bin\win32\uinone.dll
0x71c00000 - 0x71d0f000 	C:\Windows\WinSxS\x86_microsoft.vc80.mfc_1fc8b3b9a1e18e3b_8.0.50727.5592_none_cbf62b764709d1c9\MFC80.DLL
0x711e0000 - 0x71231000 	C:\Windows\system32\WINSPOOL.DRV
0x75720000 - 0x7587c000 	C:\Windows\system32\ole32.dll
0x76d30000 - 0x76dbf000 	C:\Windows\system32\OLEAUT32.dll
0x7a440000 - 0x7a4b7000 	C:\Program Files\MATLAB\R2010b\bin\win32\udd_mi.dll
0x78c80000 - 0x78c93000 	C:\Program Files\MATLAB\R2010b\bin\win32\mwoles05.DLL
0x7a150000 - 0x7a19a000 	C:\Program Files\MATLAB\R2010b\bin\win32\comcli.dll
0x71840000 - 0x7185b000 	C:\Windows\WinSxS\x86_microsoft.vc80.atl_1fc8b3b9a1e18e3b_8.0.50727.5592_none_d1cb520e4353d918\ATL80.DLL
0x7b8c0000 - 0x7b8cb000 	C:\Program Files\MATLAB\R2010b\bin\win32\mlautoregister.dll
0x773a0000 - 0x773bf000 	C:\Windows\system32\IMM32.DLL
0x76a80000 - 0x76b4c000 	C:\Windows\system32\MSCTF.dll
0x75330000 - 0x7533b000 	C:\Windows\system32\profapi.dll
0x75320000 - 0x7532c000 	C:\Windows\system32\CRYPTBASE.dll
0x740a0000 - 0x740e0000 	C:\Windows\system32\uxtheme.dll
0x01e90000 - 0x01e9e000 	C:\ProgramData\Real\RealPlayer\BrowserRecordPlugin\Chrome\Hook\rpchromebrowserrecordhelper.dll
0x04240000 - 0x042e3000 	C:\Windows\WinSxS\x86_microsoft.vc90.crt_1fc8b3b9a1e18e3b_9.0.30729.5570_none_509463cabcb6ef2a\MSVCR90.dll
0x03990000 - 0x03a1e000 	C:\Windows\WinSxS\x86_microsoft.vc90.crt_1fc8b3b9a1e18e3b_9.0.30729.5570_none_509463cabcb6ef2a\MSVCP90.dll
0x74360000 - 0x744fe000 	C:\Windows\WinSxS\x86_microsoft.windows.common-controls_6595b64144ccf1df_6.0.7601.17514_none_41e6975e2bd6f2b2\comctl32.dll
0x76ff0000 - 0x7718d000 	C:\Windows\system32\SETUPAPI.dll
0x755d0000 - 0x755f7000 	C:\Windows\system32\CFGMGR32.dll
0x75560000 - 0x75572000 	C:\Windows\system32\DEVOBJ.dll
0x76820000 - 0x768a3000 	C:\Windows\system32\CLBCatQ.DLL
0x741f0000 - 0x742e5000 	C:\Windows\system32\propsys.dll
0x74330000 - 0x74351000 	C:\Windows\system32\ntmarta.dll
0x756d0000 - 0x75715000 	C:\Windows\system32\WLDAP32.dll
0x71be0000 - 0x71bfc000 	C:\Windows\system32\iphlpapi.dll
0x71bd0000 - 0x71bd7000 	C:\Windows\system32\WINNSI.DLL
0x74c30000 - 0x74c74000 	C:\Windows\system32\DNSAPI.dll
0x716e0000 - 0x716f2000 	C:\Windows\system32\dhcpcsvc.DLL
0x716d0000 - 0x716dd000 	C:\Windows\system32\dhcpcsvc6.DLL
0x75300000 - 0x7531b000 	C:\Windows\system32\SspiCli.dll
0x01e60000 - 0x01e63000 	C:\Windows\system32\icmp.Dll
0x79d90000 - 0x7a01b000 	C:\Program Files\MATLAB\R2010b\sys\java\jre\win32\jre\bin\client\jvm.dll
0x73080000 - 0x730b2000 	C:\Windows\system32\WINMM.dll
0x7c300000 - 0x7c356000 	C:\Program Files\MATLAB\R2010b\bin\win32\MSVCR71.dll
0x752a0000 - 0x752ec000 	C:\Windows\system32\apphelp.dll
0x710d0000 - 0x711bb000 	C:\Windows\system32\dbghelp.dll
0x7a270000 - 0x7a27c000 	C:\Program Files\MATLAB\R2010b\sys\java\jre\win32\jre\bin\verify.dll
0x78d10000 - 0x78d2f000 	C:\Program Files\MATLAB\R2010b\sys\java\jre\win32\jre\bin\java.dll
0x7a250000 - 0x7a258000 	C:\Program Files\MATLAB\R2010b\sys\java\jre\win32\jre\bin\hpi.dll
0x7a280000 - 0x7a28f000 	C:\Program Files\MATLAB\R2010b\sys\java\jre\win32\jre\bin\zip.dll
0x739a0000 - 0x739b3000 	C:\Windows\system32\dwmapi.dll
0x78ca0000 - 0x78cba000 	C:\Program Files\MATLAB\R2010b\bin\win32\nativejava.dll
0x708a0000 - 0x708b2000 	C:\Windows\system32\MPR.dll
0x78cc0000 - 0x78ce8000 	C:\Program Files\MATLAB\R2010b\bin\win32\nativejmi.dll
0x7b910000 - 0x7b916000 	C:\Program Files\MATLAB\R2010b\bin\win32\nativeservices.dll
0x79ba0000 - 0x79cea000 	C:\Program Files\MATLAB\R2010b\sys\java\jre\win32\jre\bin\awt.dll
0x7a300000 - 0x7a354000 	C:\Program Files\MATLAB\R2010b\sys\java\jre\win32\jre\bin\fontmanager.dll
0x78d30000 - 0x78d43000 	C:\Program Files\MATLAB\R2010b\sys\java\jre\win32\jre\bin\net.dll

VM Arguments:
jvm_args: -Xss512k -XX:PermSize=32m -Xms64m -XX:NewRatio=3 -XX:MaxPermSize=64m -Xmx128m -XX:MaxDirectMemorySize=1200000000 -Dsun.java2d.noddraw=true -Dsun.awt.nopixfmt=true -Xshare:off -Xrs -Dsun.awt.disableMixing=true -Djava.library.path=C:\Program Files\MATLAB\R2010b\bin\win32 vfprintf abort 
java_command: <unknown>
Launcher Type: generic

Environment Variables:
CLASSPATH=.;C:\Program Files\Java\jre6\lib\ext\QTJava.zip
PATH=C:\Program Files\MATLAB\R2010b\sys\java\jre\win32\jre\bin;C:\Program Files\MATLAB\R2010b\sys\webrenderer\windows\corecomponents;C:\Program Files\MATLAB\R2010b\sys\webrenderer\windows;C:\Program Files\Common Files\Microsoft Shared\Windows Live;C:\Program Files\MiKTeX 2.8\miktex\bin;C:\Windows\system32;C:\Windows;C:\Windows\System32\Wbem;C:\Windows\System32\WindowsPowerShell\v1.0\;C:\Program Files\Common Files\DivX Shared\;C:\Program Files\MATLAB\R2010b\bin;C:\Program Files\MATLAB\R2008b Student\bin;C:\Program Files\MATLAB\R2008b Student\bin\win32;C:\Program Files\Windows Live\Shared;C:\Program Files\QuickTime\QTSystem\;C:\Program Files\SSH Communications Security\SSH Secure Shell
USERNAME=Avi
OS=Windows_NT
PROCESSOR_IDENTIFIER=x86 Family 6 Model 23 Stepping 6, GenuineIntel



---------------  S Y S T E M  ---------------

OS: Windows 7 Build 7601 Service Pack 1

CPU:total 2 (2 cores per cpu, 1 threads per core) family 6 model 23 stepping 6, cmov, cx8, fxsr, mmx, sse, sse2, sse3, ssse3, sse4.1

Memory: 4k page, physical 3668012k(1451808k free), swap 4194303k(4194303k free)

vm_info: Java HotSpot(TM) Client VM (14.3-b01) for windows-x86 JRE (1.6.0_17-b04), built on Oct 11 2009 00:52:06 by "java_re" with MS VC++ 7.1

time: Thu May 05 16:54:54 2011
elapsed time: 93 seconds

